[2020-12-01 15:43:59] app.INFO: Exporting mail with theme modern for language English (English) [] []
[2020-12-01 15:43:59] app.INFO: Core output folder: /var/www/html/mails [] []
[2020-12-01 15:43:59] app.INFO: Modules output folder: /var/www/html/modules/ [] []
[2020-12-01 15:43:59] app.INFO: Generate html template account at /var/www/html/mails/en/account.html [] []
[2020-12-01 15:43:59] app.INFO: Generate txt template account at /var/www/html/mails/en/account.txt [] []
[2020-12-01 15:43:59] app.INFO: Generate html template backoffice_order at /var/www/html/mails/en/backoffice_order.html [] []
[2020-12-01 15:43:59] app.INFO: Generate txt template backoffice_order at /var/www/html/mails/en/backoffice_order.txt [] []
[2020-12-01 15:43:59] app.INFO: Generate html template bankwire at /var/www/html/mails/en/bankwire.html [] []
[2020-12-01 15:43:59] app.INFO: Generate txt template bankwire at /var/www/html/mails/en/bankwire.txt [] []
[2020-12-01 15:43:59] app.INFO: Generate html template cheque at /var/www/html/mails/en/cheque.html [] []
[2020-12-01 15:43:59] app.INFO: Generate txt template cheque at /var/www/html/mails/en/cheque.txt [] []
[2020-12-01 15:43:59] app.INFO: Generate html template contact at /var/www/html/mails/en/contact.html [] []
[2020-12-01 15:43:59] app.INFO: Generate txt template contact at /var/www/html/mails/en/contact.txt [] []
[2020-12-01 15:43:59] app.INFO: Generate html template contact_form at /var/www/html/mails/en/contact_form.html [] []
[2020-12-01 15:43:59] app.INFO: Generate txt template contact_form at /var/www/html/mails/en/contact_form.txt [] []
[2020-12-01 15:43:59] app.INFO: Generate html template credit_slip at /var/www/html/mails/en/credit_slip.html [] []
[2020-12-01 15:43:59] app.INFO: Generate txt template credit_slip at /var/www/html/mails/en/credit_slip.txt [] []
[2020-12-01 15:43:59] app.INFO: Generate html template download_product at /var/www/html/mails/en/download_product.html [] []
[2020-12-01 15:43:59] app.INFO: Generate txt template download_product at /var/www/html/mails/en/download_product.txt [] []
[2020-12-01 15:43:59] app.INFO: Generate html template employee_password at /var/www/html/mails/en/employee_password.html [] []
[2020-12-01 15:43:59] app.INFO: Generate txt template employee_password at /var/www/html/mails/en/employee_password.txt [] []
[2020-12-01 15:43:59] app.INFO: Generate html template forward_msg at /var/www/html/mails/en/forward_msg.html [] []
[2020-12-01 15:43:59] app.INFO: Generate txt template forward_msg at /var/www/html/mails/en/forward_msg.txt [] []
[2020-12-01 15:43:59] app.INFO: Generate html template guest_to_customer at /var/www/html/mails/en/guest_to_customer.html [] []
[2020-12-01 15:43:59] app.INFO: Generate txt template guest_to_customer at /var/www/html/mails/en/guest_to_customer.txt [] []
[2020-12-01 15:43:59] app.INFO: Generate html template import at /var/www/html/mails/en/import.html [] []
[2020-12-01 15:43:59] app.INFO: Generate txt template import at /var/www/html/mails/en/import.txt [] []
[2020-12-01 15:44:00] app.INFO: Generate html template in_transit at /var/www/html/mails/en/in_transit.html [] []
[2020-12-01 15:44:00] app.INFO: Generate txt template in_transit at /var/www/html/mails/en/in_transit.txt [] []
[2020-12-01 15:44:00] app.INFO: Generate html template log_alert at /var/www/html/mails/en/log_alert.html [] []
[2020-12-01 15:44:00] app.INFO: Generate txt template log_alert at /var/www/html/mails/en/log_alert.txt [] []
[2020-12-01 15:44:00] app.INFO: Generate html template newsletter at /var/www/html/mails/en/newsletter.html [] []
[2020-12-01 15:44:00] app.INFO: Generate txt template newsletter at /var/www/html/mails/en/newsletter.txt [] []
[2020-12-01 15:44:00] app.INFO: Generate html template order_canceled at /var/www/html/mails/en/order_canceled.html [] []
[2020-12-01 15:44:00] app.INFO: Generate txt template order_canceled at /var/www/html/mails/en/order_canceled.txt [] []
[2020-12-01 15:44:00] app.INFO: Generate html template order_changed at /var/www/html/mails/en/order_changed.html [] []
[2020-12-01 15:44:00] app.INFO: Generate txt template order_changed at /var/www/html/mails/en/order_changed.txt [] []
[2020-12-01 15:44:00] app.INFO: Generate html template order_conf at /var/www/html/mails/en/order_conf.html [] []
[2020-12-01 15:44:00] app.INFO: Generate txt template order_conf at /var/www/html/mails/en/order_conf.txt [] []
[2020-12-01 15:44:00] app.INFO: Generate html template order_customer_comment at /var/www/html/mails/en/order_customer_comment.html [] []
[2020-12-01 15:44:00] app.INFO: Generate txt template order_customer_comment at /var/www/html/mails/en/order_customer_comment.txt [] []
[2020-12-01 15:44:00] app.INFO: Generate html template order_merchant_comment at /var/www/html/mails/en/order_merchant_comment.html [] []
[2020-12-01 15:44:00] app.INFO: Generate txt template order_merchant_comment at /var/www/html/mails/en/order_merchant_comment.txt [] []
[2020-12-01 15:44:00] app.INFO: Generate html template order_return_state at /var/www/html/mails/en/order_return_state.html [] []
[2020-12-01 15:44:00] app.INFO: Generate txt template order_return_state at /var/www/html/mails/en/order_return_state.txt [] []
[2020-12-01 15:44:00] app.INFO: Generate html template outofstock at /var/www/html/mails/en/outofstock.html [] []
[2020-12-01 15:44:00] app.INFO: Generate txt template outofstock at /var/www/html/mails/en/outofstock.txt [] []
[2020-12-01 15:44:00] app.INFO: Generate html template password at /var/www/html/mails/en/password.html [] []
[2020-12-01 15:44:00] app.INFO: Generate txt template password at /var/www/html/mails/en/password.txt [] []
[2020-12-01 15:44:00] app.INFO: Generate html template password_query at /var/www/html/mails/en/password_query.html [] []
[2020-12-01 15:44:00] app.INFO: Generate txt template password_query at /var/www/html/mails/en/password_query.txt [] []
[2020-12-01 15:44:00] app.INFO: Generate html template payment at /var/www/html/mails/en/payment.html [] []
[2020-12-01 15:44:00] app.INFO: Generate txt template payment at /var/www/html/mails/en/payment.txt [] []
[2020-12-01 15:44:00] app.INFO: Generate html template payment_error at /var/www/html/mails/en/payment_error.html [] []
[2020-12-01 15:44:00] app.INFO: Generate txt template payment_error at /var/www/html/mails/en/payment_error.txt [] []
[2020-12-01 15:44:00] app.INFO: Generate html template preparation at /var/www/html/mails/en/preparation.html [] []
[2020-12-01 15:44:00] app.INFO: Generate txt template preparation at /var/www/html/mails/en/preparation.txt [] []
[2020-12-01 15:44:00] app.INFO: Generate html template productoutofstock at /var/www/html/mails/en/productoutofstock.html [] []
[2020-12-01 15:44:00] app.INFO: Generate txt template productoutofstock at /var/www/html/mails/en/productoutofstock.txt [] []
[2020-12-01 15:44:00] app.INFO: Generate html template refund at /var/www/html/mails/en/refund.html [] []
[2020-12-01 15:44:00] app.INFO: Generate txt template refund at /var/www/html/mails/en/refund.txt [] []
[2020-12-01 15:44:00] app.INFO: Generate html template reply_msg at /var/www/html/mails/en/reply_msg.html [] []
[2020-12-01 15:44:00] app.INFO: Generate txt template reply_msg at /var/www/html/mails/en/reply_msg.txt [] []
[2020-12-01 15:44:00] app.INFO: Generate html template shipped at /var/www/html/mails/en/shipped.html [] []
[2020-12-01 15:44:00] app.INFO: Generate txt template shipped at /var/www/html/mails/en/shipped.txt [] []
[2020-12-01 15:44:00] app.INFO: Generate html template test at /var/www/html/mails/en/test.html [] []
[2020-12-01 15:44:00] app.INFO: Generate txt template test at /var/www/html/mails/en/test.txt [] []
[2020-12-01 15:44:00] app.INFO: Generate html template voucher at /var/www/html/mails/en/voucher.html [] []
[2020-12-01 15:44:00] app.INFO: Generate txt template voucher at /var/www/html/mails/en/voucher.txt [] []
[2020-12-01 15:44:00] app.INFO: Generate html template voucher_new at /var/www/html/mails/en/voucher_new.html [] []
[2020-12-01 15:44:00] app.INFO: Generate txt template voucher_new at /var/www/html/mails/en/voucher_new.txt [] []
[2020-12-01 15:44:00] app.INFO: Generate html template newsletter_conf at /var/www/html/modules//ps_emailsubscription/mails/en/newsletter_conf.html [] []
[2020-12-01 15:44:00] app.INFO: Generate txt template newsletter_conf at /var/www/html/modules//ps_emailsubscription/mails/en/newsletter_conf.txt [] []
[2020-12-01 15:44:00] app.INFO: Generate html template newsletter_verif at /var/www/html/modules//ps_emailsubscription/mails/en/newsletter_verif.html [] []
[2020-12-01 15:44:00] app.INFO: Generate txt template newsletter_verif at /var/www/html/modules//ps_emailsubscription/mails/en/newsletter_verif.txt [] []
[2020-12-01 15:44:00] app.INFO: Generate html template newsletter_voucher at /var/www/html/modules//ps_emailsubscription/mails/en/newsletter_voucher.html [] []
[2020-12-01 15:44:00] app.INFO: Generate txt template newsletter_voucher at /var/www/html/modules//ps_emailsubscription/mails/en/newsletter_voucher.txt [] []
[2020-12-01 15:44:00] app.INFO: Generate html template customer_qty at /var/www/html/modules//ps_emailalerts/mails/en/customer_qty.html [] []
[2020-12-01 15:44:00] app.INFO: Generate txt template customer_qty at /var/www/html/modules//ps_emailalerts/mails/en/customer_qty.txt [] []
[2020-12-01 15:44:00] app.INFO: Generate html template new_order at /var/www/html/modules//ps_emailalerts/mails/en/new_order.html [] []
[2020-12-01 15:44:00] app.INFO: Generate txt template new_order at /var/www/html/modules//ps_emailalerts/mails/en/new_order.txt [] []
[2020-12-01 15:44:00] app.INFO: Generate html template order_changed at /var/www/html/modules//ps_emailalerts/mails/en/order_changed.html [] []
[2020-12-01 15:44:00] app.INFO: Generate txt template order_changed at /var/www/html/modules//ps_emailalerts/mails/en/order_changed.txt [] []
[2020-12-01 15:44:01] app.INFO: Generate html template productcoverage at /var/www/html/modules//ps_emailalerts/mails/en/productcoverage.html [] []
[2020-12-01 15:44:01] app.INFO: Generate txt template productcoverage at /var/www/html/modules//ps_emailalerts/mails/en/productcoverage.txt [] []
[2020-12-01 15:44:01] app.INFO: Generate html template productoutofstock at /var/www/html/modules//ps_emailalerts/mails/en/productoutofstock.html [] []
[2020-12-01 15:44:01] app.INFO: Generate txt template productoutofstock at /var/www/html/modules//ps_emailalerts/mails/en/productoutofstock.txt [] []
[2020-12-01 15:44:01] app.INFO: Generate html template return_slip at /var/www/html/modules//ps_emailalerts/mails/en/return_slip.html [] []
[2020-12-01 15:44:01] app.INFO: Generate txt template return_slip at /var/www/html/modules//ps_emailalerts/mails/en/return_slip.txt [] []
[2020-12-01 15:44:01] app.INFO: Generate html template referralprogram-congratulations at /var/www/html/modules//referralprogram/mails/en/referralprogram-congratulations.html [] []
[2020-12-01 15:44:01] app.INFO: Generate txt template referralprogram-congratulations at /var/www/html/modules//referralprogram/mails/en/referralprogram-congratulations.txt [] []
[2020-12-01 15:44:01] app.INFO: Generate html template referralprogram-invitation at /var/www/html/modules//referralprogram/mails/en/referralprogram-invitation.html [] []
[2020-12-01 15:44:01] app.INFO: Generate txt template referralprogram-invitation at /var/www/html/modules//referralprogram/mails/en/referralprogram-invitation.txt [] []
[2020-12-01 15:44:01] app.INFO: Generate html template referralprogram-voucher at /var/www/html/modules//referralprogram/mails/en/referralprogram-voucher.html [] []
[2020-12-01 15:44:01] app.INFO: Generate txt template referralprogram-voucher at /var/www/html/modules//referralprogram/mails/en/referralprogram-voucher.txt [] []
[2020-12-01 15:44:01] app.INFO: Generate html template followup_1 at /var/www/html/modules//followup/mails/en/followup_1.html [] []
[2020-12-01 15:44:01] app.INFO: Generate txt template followup_1 at /var/www/html/modules//followup/mails/en/followup_1.txt [] []
[2020-12-01 15:44:01] app.INFO: Generate html template followup_2 at /var/www/html/modules//followup/mails/en/followup_2.html [] []
[2020-12-01 15:44:01] app.INFO: Generate txt template followup_2 at /var/www/html/modules//followup/mails/en/followup_2.txt [] []
[2020-12-01 15:44:01] app.INFO: Generate html template followup_3 at /var/www/html/modules//followup/mails/en/followup_3.html [] []
[2020-12-01 15:44:01] app.INFO: Generate txt template followup_3 at /var/www/html/modules//followup/mails/en/followup_3.txt [] []
[2020-12-01 15:44:01] app.INFO: Generate html template followup_4 at /var/www/html/modules//followup/mails/en/followup_4.html [] []
[2020-12-01 15:44:01] app.INFO: Generate txt template followup_4 at /var/www/html/modules//followup/mails/en/followup_4.txt [] []
[2020-12-01 15:44:05] app.INFO: Exporting mail with theme modern for language Español AR (Spanish) [] []
[2020-12-01 15:44:05] app.INFO: Core output folder: /var/www/html/mails [] []
[2020-12-01 15:44:05] app.INFO: Modules output folder: /var/www/html/modules/ [] []
[2020-12-01 15:44:05] app.INFO: Generate html template account at /var/www/html/mails/ag/account.html [] []
[2020-12-01 15:44:05] app.INFO: Generate txt template account at /var/www/html/mails/ag/account.txt [] []
[2020-12-01 15:44:05] app.INFO: Generate html template backoffice_order at /var/www/html/mails/ag/backoffice_order.html [] []
[2020-12-01 15:44:05] app.INFO: Generate txt template backoffice_order at /var/www/html/mails/ag/backoffice_order.txt [] []
[2020-12-01 15:44:05] app.INFO: Generate html template bankwire at /var/www/html/mails/ag/bankwire.html [] []
[2020-12-01 15:44:05] app.INFO: Generate txt template bankwire at /var/www/html/mails/ag/bankwire.txt [] []
[2020-12-01 15:44:05] app.INFO: Generate html template cheque at /var/www/html/mails/ag/cheque.html [] []
[2020-12-01 15:44:05] app.INFO: Generate txt template cheque at /var/www/html/mails/ag/cheque.txt [] []
[2020-12-01 15:44:05] app.INFO: Generate html template contact at /var/www/html/mails/ag/contact.html [] []
[2020-12-01 15:44:05] app.INFO: Generate txt template contact at /var/www/html/mails/ag/contact.txt [] []
[2020-12-01 15:44:05] app.INFO: Generate html template contact_form at /var/www/html/mails/ag/contact_form.html [] []
[2020-12-01 15:44:05] app.INFO: Generate txt template contact_form at /var/www/html/mails/ag/contact_form.txt [] []
[2020-12-01 15:44:05] app.INFO: Generate html template credit_slip at /var/www/html/mails/ag/credit_slip.html [] []
[2020-12-01 15:44:05] app.INFO: Generate txt template credit_slip at /var/www/html/mails/ag/credit_slip.txt [] []
[2020-12-01 15:44:05] app.INFO: Generate html template download_product at /var/www/html/mails/ag/download_product.html [] []
[2020-12-01 15:44:05] app.INFO: Generate txt template download_product at /var/www/html/mails/ag/download_product.txt [] []
[2020-12-01 15:44:05] app.INFO: Generate html template employee_password at /var/www/html/mails/ag/employee_password.html [] []
[2020-12-01 15:44:05] app.INFO: Generate txt template employee_password at /var/www/html/mails/ag/employee_password.txt [] []
[2020-12-01 15:44:05] app.INFO: Generate html template forward_msg at /var/www/html/mails/ag/forward_msg.html [] []
[2020-12-01 15:44:05] app.INFO: Generate txt template forward_msg at /var/www/html/mails/ag/forward_msg.txt [] []
[2020-12-01 15:44:06] app.INFO: Generate html template guest_to_customer at /var/www/html/mails/ag/guest_to_customer.html [] []
[2020-12-01 15:44:06] app.INFO: Generate txt template guest_to_customer at /var/www/html/mails/ag/guest_to_customer.txt [] []
[2020-12-01 15:44:06] app.INFO: Generate html template import at /var/www/html/mails/ag/import.html [] []
[2020-12-01 15:44:06] app.INFO: Generate txt template import at /var/www/html/mails/ag/import.txt [] []
[2020-12-01 15:44:06] app.INFO: Generate html template in_transit at /var/www/html/mails/ag/in_transit.html [] []
[2020-12-01 15:44:06] app.INFO: Generate txt template in_transit at /var/www/html/mails/ag/in_transit.txt [] []
[2020-12-01 15:44:06] app.INFO: Generate html template log_alert at /var/www/html/mails/ag/log_alert.html [] []
[2020-12-01 15:44:06] app.INFO: Generate txt template log_alert at /var/www/html/mails/ag/log_alert.txt [] []
[2020-12-01 15:44:06] app.INFO: Generate html template newsletter at /var/www/html/mails/ag/newsletter.html [] []
[2020-12-01 15:44:06] app.INFO: Generate txt template newsletter at /var/www/html/mails/ag/newsletter.txt [] []
[2020-12-01 15:44:06] app.INFO: Generate html template order_canceled at /var/www/html/mails/ag/order_canceled.html [] []
[2020-12-01 15:44:06] app.INFO: Generate txt template order_canceled at /var/www/html/mails/ag/order_canceled.txt [] []
[2020-12-01 15:44:06] app.INFO: Generate html template order_changed at /var/www/html/mails/ag/order_changed.html [] []
[2020-12-01 15:44:06] app.INFO: Generate txt template order_changed at /var/www/html/mails/ag/order_changed.txt [] []
[2020-12-01 15:44:06] app.INFO: Generate html template order_conf at /var/www/html/mails/ag/order_conf.html [] []
[2020-12-01 15:44:06] app.INFO: Generate txt template order_conf at /var/www/html/mails/ag/order_conf.txt [] []
[2020-12-01 15:44:06] app.INFO: Generate html template order_customer_comment at /var/www/html/mails/ag/order_customer_comment.html [] []
[2020-12-01 15:44:06] app.INFO: Generate txt template order_customer_comment at /var/www/html/mails/ag/order_customer_comment.txt [] []
[2020-12-01 15:44:06] app.INFO: Generate html template order_merchant_comment at /var/www/html/mails/ag/order_merchant_comment.html [] []
[2020-12-01 15:44:06] app.INFO: Generate txt template order_merchant_comment at /var/www/html/mails/ag/order_merchant_comment.txt [] []
[2020-12-01 15:44:06] app.INFO: Generate html template order_return_state at /var/www/html/mails/ag/order_return_state.html [] []
[2020-12-01 15:44:06] app.INFO: Generate txt template order_return_state at /var/www/html/mails/ag/order_return_state.txt [] []
[2020-12-01 15:44:06] app.INFO: Generate html template outofstock at /var/www/html/mails/ag/outofstock.html [] []
[2020-12-01 15:44:06] app.INFO: Generate txt template outofstock at /var/www/html/mails/ag/outofstock.txt [] []
[2020-12-01 15:44:06] app.INFO: Generate html template password at /var/www/html/mails/ag/password.html [] []
[2020-12-01 15:44:06] app.INFO: Generate txt template password at /var/www/html/mails/ag/password.txt [] []
[2020-12-01 15:44:06] app.INFO: Generate html template password_query at /var/www/html/mails/ag/password_query.html [] []
[2020-12-01 15:44:06] app.INFO: Generate txt template password_query at /var/www/html/mails/ag/password_query.txt [] []
[2020-12-01 15:44:06] app.INFO: Generate html template payment at /var/www/html/mails/ag/payment.html [] []
[2020-12-01 15:44:06] app.INFO: Generate txt template payment at /var/www/html/mails/ag/payment.txt [] []
[2020-12-01 15:44:06] app.INFO: Generate html template payment_error at /var/www/html/mails/ag/payment_error.html [] []
[2020-12-01 15:44:06] app.INFO: Generate txt template payment_error at /var/www/html/mails/ag/payment_error.txt [] []
[2020-12-01 15:44:06] app.INFO: Generate html template preparation at /var/www/html/mails/ag/preparation.html [] []
[2020-12-01 15:44:06] app.INFO: Generate txt template preparation at /var/www/html/mails/ag/preparation.txt [] []
[2020-12-01 15:44:06] app.INFO: Generate html template productoutofstock at /var/www/html/mails/ag/productoutofstock.html [] []
[2020-12-01 15:44:06] app.INFO: Generate txt template productoutofstock at /var/www/html/mails/ag/productoutofstock.txt [] []
[2020-12-01 15:44:06] app.INFO: Generate html template refund at /var/www/html/mails/ag/refund.html [] []
[2020-12-01 15:44:06] app.INFO: Generate txt template refund at /var/www/html/mails/ag/refund.txt [] []
[2020-12-01 15:44:06] app.INFO: Generate html template reply_msg at /var/www/html/mails/ag/reply_msg.html [] []
[2020-12-01 15:44:06] app.INFO: Generate txt template reply_msg at /var/www/html/mails/ag/reply_msg.txt [] []
[2020-12-01 15:44:06] app.INFO: Generate html template shipped at /var/www/html/mails/ag/shipped.html [] []
[2020-12-01 15:44:06] app.INFO: Generate txt template shipped at /var/www/html/mails/ag/shipped.txt [] []
[2020-12-01 15:44:06] app.INFO: Generate html template test at /var/www/html/mails/ag/test.html [] []
[2020-12-01 15:44:06] app.INFO: Generate txt template test at /var/www/html/mails/ag/test.txt [] []
[2020-12-01 15:44:06] app.INFO: Generate html template voucher at /var/www/html/mails/ag/voucher.html [] []
[2020-12-01 15:44:06] app.INFO: Generate txt template voucher at /var/www/html/mails/ag/voucher.txt [] []
[2020-12-01 15:44:06] app.INFO: Generate html template voucher_new at /var/www/html/mails/ag/voucher_new.html [] []
[2020-12-01 15:44:06] app.INFO: Generate txt template voucher_new at /var/www/html/mails/ag/voucher_new.txt [] []
[2020-12-01 15:44:06] app.INFO: Generate html template newsletter_conf at /var/www/html/modules//ps_emailsubscription/mails/ag/newsletter_conf.html [] []
[2020-12-01 15:44:06] app.INFO: Generate txt template newsletter_conf at /var/www/html/modules//ps_emailsubscription/mails/ag/newsletter_conf.txt [] []
[2020-12-01 15:44:06] app.INFO: Generate html template newsletter_verif at /var/www/html/modules//ps_emailsubscription/mails/ag/newsletter_verif.html [] []
[2020-12-01 15:44:06] app.INFO: Generate txt template newsletter_verif at /var/www/html/modules//ps_emailsubscription/mails/ag/newsletter_verif.txt [] []
[2020-12-01 15:44:06] app.INFO: Generate html template newsletter_voucher at /var/www/html/modules//ps_emailsubscription/mails/ag/newsletter_voucher.html [] []
[2020-12-01 15:44:06] app.INFO: Generate txt template newsletter_voucher at /var/www/html/modules//ps_emailsubscription/mails/ag/newsletter_voucher.txt [] []
[2020-12-01 15:44:06] app.INFO: Generate html template customer_qty at /var/www/html/modules//ps_emailalerts/mails/ag/customer_qty.html [] []
[2020-12-01 15:44:06] app.INFO: Generate txt template customer_qty at /var/www/html/modules//ps_emailalerts/mails/ag/customer_qty.txt [] []
[2020-12-01 15:44:06] app.INFO: Generate html template new_order at /var/www/html/modules//ps_emailalerts/mails/ag/new_order.html [] []
[2020-12-01 15:44:06] app.INFO: Generate txt template new_order at /var/www/html/modules//ps_emailalerts/mails/ag/new_order.txt [] []
[2020-12-01 15:44:06] app.INFO: Generate html template order_changed at /var/www/html/modules//ps_emailalerts/mails/ag/order_changed.html [] []
[2020-12-01 15:44:06] app.INFO: Generate txt template order_changed at /var/www/html/modules//ps_emailalerts/mails/ag/order_changed.txt [] []
[2020-12-01 15:44:06] app.INFO: Generate html template productcoverage at /var/www/html/modules//ps_emailalerts/mails/ag/productcoverage.html [] []
[2020-12-01 15:44:06] app.INFO: Generate txt template productcoverage at /var/www/html/modules//ps_emailalerts/mails/ag/productcoverage.txt [] []
[2020-12-01 15:44:06] app.INFO: Generate html template productoutofstock at /var/www/html/modules//ps_emailalerts/mails/ag/productoutofstock.html [] []
[2020-12-01 15:44:06] app.INFO: Generate txt template productoutofstock at /var/www/html/modules//ps_emailalerts/mails/ag/productoutofstock.txt [] []
[2020-12-01 15:44:06] app.INFO: Generate html template return_slip at /var/www/html/modules//ps_emailalerts/mails/ag/return_slip.html [] []
[2020-12-01 15:44:07] app.INFO: Generate txt template return_slip at /var/www/html/modules//ps_emailalerts/mails/ag/return_slip.txt [] []
[2020-12-01 15:44:07] app.INFO: Generate html template referralprogram-congratulations at /var/www/html/modules//referralprogram/mails/ag/referralprogram-congratulations.html [] []
[2020-12-01 15:44:07] app.INFO: Generate txt template referralprogram-congratulations at /var/www/html/modules//referralprogram/mails/ag/referralprogram-congratulations.txt [] []
[2020-12-01 15:44:07] app.INFO: Generate html template referralprogram-invitation at /var/www/html/modules//referralprogram/mails/ag/referralprogram-invitation.html [] []
[2020-12-01 15:44:07] app.INFO: Generate txt template referralprogram-invitation at /var/www/html/modules//referralprogram/mails/ag/referralprogram-invitation.txt [] []
[2020-12-01 15:44:07] app.INFO: Generate html template referralprogram-voucher at /var/www/html/modules//referralprogram/mails/ag/referralprogram-voucher.html [] []
[2020-12-01 15:44:07] app.INFO: Generate txt template referralprogram-voucher at /var/www/html/modules//referralprogram/mails/ag/referralprogram-voucher.txt [] []
[2020-12-01 15:44:07] app.INFO: Generate html template followup_1 at /var/www/html/modules//followup/mails/ag/followup_1.html [] []
[2020-12-01 15:44:07] app.INFO: Generate txt template followup_1 at /var/www/html/modules//followup/mails/ag/followup_1.txt [] []
[2020-12-01 15:44:07] app.INFO: Generate html template followup_2 at /var/www/html/modules//followup/mails/ag/followup_2.html [] []
[2020-12-01 15:44:07] app.INFO: Generate txt template followup_2 at /var/www/html/modules//followup/mails/ag/followup_2.txt [] []
[2020-12-01 15:44:07] app.INFO: Generate html template followup_3 at /var/www/html/modules//followup/mails/ag/followup_3.html [] []
[2020-12-01 15:44:07] app.INFO: Generate txt template followup_3 at /var/www/html/modules//followup/mails/ag/followup_3.txt [] []
[2020-12-01 15:44:07] app.INFO: Generate html template followup_4 at /var/www/html/modules//followup/mails/ag/followup_4.html [] []
[2020-12-01 15:44:07] app.INFO: Generate txt template followup_4 at /var/www/html/modules//followup/mails/ag/followup_4.txt [] []
[2020-12-01 15:44:11] app.INFO: Exporting mail with theme modern for language Español (Spanish) [] []
[2020-12-01 15:44:11] app.INFO: Core output folder: /var/www/html/mails [] []
[2020-12-01 15:44:11] app.INFO: Modules output folder: /var/www/html/modules/ [] []
[2020-12-01 15:44:11] app.INFO: Generate html template account at /var/www/html/mails/es/account.html [] []
[2020-12-01 15:44:11] app.INFO: Generate txt template account at /var/www/html/mails/es/account.txt [] []
[2020-12-01 15:44:11] app.INFO: Generate html template backoffice_order at /var/www/html/mails/es/backoffice_order.html [] []
[2020-12-01 15:44:11] app.INFO: Generate txt template backoffice_order at /var/www/html/mails/es/backoffice_order.txt [] []
[2020-12-01 15:44:11] app.INFO: Generate html template bankwire at /var/www/html/mails/es/bankwire.html [] []
[2020-12-01 15:44:11] app.INFO: Generate txt template bankwire at /var/www/html/mails/es/bankwire.txt [] []
[2020-12-01 15:44:11] app.INFO: Generate html template cheque at /var/www/html/mails/es/cheque.html [] []
[2020-12-01 15:44:11] app.INFO: Generate txt template cheque at /var/www/html/mails/es/cheque.txt [] []
[2020-12-01 15:44:11] app.INFO: Generate html template contact at /var/www/html/mails/es/contact.html [] []
[2020-12-01 15:44:11] app.INFO: Generate txt template contact at /var/www/html/mails/es/contact.txt [] []
[2020-12-01 15:44:11] app.INFO: Generate html template contact_form at /var/www/html/mails/es/contact_form.html [] []
[2020-12-01 15:44:12] app.INFO: Generate txt template contact_form at /var/www/html/mails/es/contact_form.txt [] []
[2020-12-01 15:44:12] app.INFO: Generate html template credit_slip at /var/www/html/mails/es/credit_slip.html [] []
[2020-12-01 15:44:12] app.INFO: Generate txt template credit_slip at /var/www/html/mails/es/credit_slip.txt [] []
[2020-12-01 15:44:12] app.INFO: Generate html template download_product at /var/www/html/mails/es/download_product.html [] []
[2020-12-01 15:44:12] app.INFO: Generate txt template download_product at /var/www/html/mails/es/download_product.txt [] []
[2020-12-01 15:44:12] app.INFO: Generate html template employee_password at /var/www/html/mails/es/employee_password.html [] []
[2020-12-01 15:44:12] app.INFO: Generate txt template employee_password at /var/www/html/mails/es/employee_password.txt [] []
[2020-12-01 15:44:12] app.INFO: Generate html template forward_msg at /var/www/html/mails/es/forward_msg.html [] []
[2020-12-01 15:44:12] app.INFO: Generate txt template forward_msg at /var/www/html/mails/es/forward_msg.txt [] []
[2020-12-01 15:44:12] app.INFO: Generate html template guest_to_customer at /var/www/html/mails/es/guest_to_customer.html [] []
[2020-12-01 15:44:12] app.INFO: Generate txt template guest_to_customer at /var/www/html/mails/es/guest_to_customer.txt [] []
[2020-12-01 15:44:12] app.INFO: Generate html template import at /var/www/html/mails/es/import.html [] []
[2020-12-01 15:44:12] app.INFO: Generate txt template import at /var/www/html/mails/es/import.txt [] []
[2020-12-01 15:44:12] app.INFO: Generate html template in_transit at /var/www/html/mails/es/in_transit.html [] []
[2020-12-01 15:44:12] app.INFO: Generate txt template in_transit at /var/www/html/mails/es/in_transit.txt [] []
[2020-12-01 15:44:12] app.INFO: Generate html template log_alert at /var/www/html/mails/es/log_alert.html [] []
[2020-12-01 15:44:12] app.INFO: Generate txt template log_alert at /var/www/html/mails/es/log_alert.txt [] []
[2020-12-01 15:44:12] app.INFO: Generate html template newsletter at /var/www/html/mails/es/newsletter.html [] []
[2020-12-01 15:44:12] app.INFO: Generate txt template newsletter at /var/www/html/mails/es/newsletter.txt [] []
[2020-12-01 15:44:12] app.INFO: Generate html template order_canceled at /var/www/html/mails/es/order_canceled.html [] []
[2020-12-01 15:44:12] app.INFO: Generate txt template order_canceled at /var/www/html/mails/es/order_canceled.txt [] []
[2020-12-01 15:44:12] app.INFO: Generate html template order_changed at /var/www/html/mails/es/order_changed.html [] []
[2020-12-01 15:44:12] app.INFO: Generate txt template order_changed at /var/www/html/mails/es/order_changed.txt [] []
[2020-12-01 15:44:12] app.INFO: Generate html template order_conf at /var/www/html/mails/es/order_conf.html [] []
[2020-12-01 15:44:12] app.INFO: Generate txt template order_conf at /var/www/html/mails/es/order_conf.txt [] []
[2020-12-01 15:44:12] app.INFO: Generate html template order_customer_comment at /var/www/html/mails/es/order_customer_comment.html [] []
[2020-12-01 15:44:12] app.INFO: Generate txt template order_customer_comment at /var/www/html/mails/es/order_customer_comment.txt [] []
[2020-12-01 15:44:12] app.INFO: Generate html template order_merchant_comment at /var/www/html/mails/es/order_merchant_comment.html [] []
[2020-12-01 15:44:12] app.INFO: Generate txt template order_merchant_comment at /var/www/html/mails/es/order_merchant_comment.txt [] []
[2020-12-01 15:44:12] app.INFO: Generate html template order_return_state at /var/www/html/mails/es/order_return_state.html [] []
[2020-12-01 15:44:12] app.INFO: Generate txt template order_return_state at /var/www/html/mails/es/order_return_state.txt [] []
[2020-12-01 15:44:12] app.INFO: Generate html template outofstock at /var/www/html/mails/es/outofstock.html [] []
[2020-12-01 15:44:12] app.INFO: Generate txt template outofstock at /var/www/html/mails/es/outofstock.txt [] []
[2020-12-01 15:44:12] app.INFO: Generate html template password at /var/www/html/mails/es/password.html [] []
[2020-12-01 15:44:12] app.INFO: Generate txt template password at /var/www/html/mails/es/password.txt [] []
[2020-12-01 15:44:12] app.INFO: Generate html template password_query at /var/www/html/mails/es/password_query.html [] []
[2020-12-01 15:44:12] app.INFO: Generate txt template password_query at /var/www/html/mails/es/password_query.txt [] []
[2020-12-01 15:44:12] app.INFO: Generate html template payment at /var/www/html/mails/es/payment.html [] []
[2020-12-01 15:44:12] app.INFO: Generate txt template payment at /var/www/html/mails/es/payment.txt [] []
[2020-12-01 15:44:12] app.INFO: Generate html template payment_error at /var/www/html/mails/es/payment_error.html [] []
[2020-12-01 15:44:12] app.INFO: Generate txt template payment_error at /var/www/html/mails/es/payment_error.txt [] []
[2020-12-01 15:44:12] app.INFO: Generate html template preparation at /var/www/html/mails/es/preparation.html [] []
[2020-12-01 15:44:12] app.INFO: Generate txt template preparation at /var/www/html/mails/es/preparation.txt [] []
[2020-12-01 15:44:12] app.INFO: Generate html template productoutofstock at /var/www/html/mails/es/productoutofstock.html [] []
[2020-12-01 15:44:12] app.INFO: Generate txt template productoutofstock at /var/www/html/mails/es/productoutofstock.txt [] []
[2020-12-01 15:44:12] app.INFO: Generate html template refund at /var/www/html/mails/es/refund.html [] []
[2020-12-01 15:44:12] app.INFO: Generate txt template refund at /var/www/html/mails/es/refund.txt [] []
[2020-12-01 15:44:12] app.INFO: Generate html template reply_msg at /var/www/html/mails/es/reply_msg.html [] []
[2020-12-01 15:44:12] app.INFO: Generate txt template reply_msg at /var/www/html/mails/es/reply_msg.txt [] []
[2020-12-01 15:44:12] app.INFO: Generate html template shipped at /var/www/html/mails/es/shipped.html [] []
[2020-12-01 15:44:12] app.INFO: Generate txt template shipped at /var/www/html/mails/es/shipped.txt [] []
[2020-12-01 15:44:12] app.INFO: Generate html template test at /var/www/html/mails/es/test.html [] []
[2020-12-01 15:44:13] app.INFO: Generate txt template test at /var/www/html/mails/es/test.txt [] []
[2020-12-01 15:44:13] app.INFO: Generate html template voucher at /var/www/html/mails/es/voucher.html [] []
[2020-12-01 15:44:13] app.INFO: Generate txt template voucher at /var/www/html/mails/es/voucher.txt [] []
[2020-12-01 15:44:13] app.INFO: Generate html template voucher_new at /var/www/html/mails/es/voucher_new.html [] []
[2020-12-01 15:44:13] app.INFO: Generate txt template voucher_new at /var/www/html/mails/es/voucher_new.txt [] []
[2020-12-01 15:44:13] app.INFO: Generate html template newsletter_conf at /var/www/html/modules//ps_emailsubscription/mails/es/newsletter_conf.html [] []
[2020-12-01 15:44:13] app.INFO: Generate txt template newsletter_conf at /var/www/html/modules//ps_emailsubscription/mails/es/newsletter_conf.txt [] []
[2020-12-01 15:44:13] app.INFO: Generate html template newsletter_verif at /var/www/html/modules//ps_emailsubscription/mails/es/newsletter_verif.html [] []
[2020-12-01 15:44:13] app.INFO: Generate txt template newsletter_verif at /var/www/html/modules//ps_emailsubscription/mails/es/newsletter_verif.txt [] []
[2020-12-01 15:44:13] app.INFO: Generate html template newsletter_voucher at /var/www/html/modules//ps_emailsubscription/mails/es/newsletter_voucher.html [] []
[2020-12-01 15:44:13] app.INFO: Generate txt template newsletter_voucher at /var/www/html/modules//ps_emailsubscription/mails/es/newsletter_voucher.txt [] []
[2020-12-01 15:44:13] app.INFO: Generate html template customer_qty at /var/www/html/modules//ps_emailalerts/mails/es/customer_qty.html [] []
[2020-12-01 15:44:13] app.INFO: Generate txt template customer_qty at /var/www/html/modules//ps_emailalerts/mails/es/customer_qty.txt [] []
[2020-12-01 15:44:13] app.INFO: Generate html template new_order at /var/www/html/modules//ps_emailalerts/mails/es/new_order.html [] []
[2020-12-01 15:44:13] app.INFO: Generate txt template new_order at /var/www/html/modules//ps_emailalerts/mails/es/new_order.txt [] []
[2020-12-01 15:44:13] app.INFO: Generate html template order_changed at /var/www/html/modules//ps_emailalerts/mails/es/order_changed.html [] []
[2020-12-01 15:44:13] app.INFO: Generate txt template order_changed at /var/www/html/modules//ps_emailalerts/mails/es/order_changed.txt [] []
[2020-12-01 15:44:13] app.INFO: Generate html template productcoverage at /var/www/html/modules//ps_emailalerts/mails/es/productcoverage.html [] []
[2020-12-01 15:44:13] app.INFO: Generate txt template productcoverage at /var/www/html/modules//ps_emailalerts/mails/es/productcoverage.txt [] []
[2020-12-01 15:44:13] app.INFO: Generate html template productoutofstock at /var/www/html/modules//ps_emailalerts/mails/es/productoutofstock.html [] []
[2020-12-01 15:44:13] app.INFO: Generate txt template productoutofstock at /var/www/html/modules//ps_emailalerts/mails/es/productoutofstock.txt [] []
[2020-12-01 15:44:13] app.INFO: Generate html template return_slip at /var/www/html/modules//ps_emailalerts/mails/es/return_slip.html [] []
[2020-12-01 15:44:13] app.INFO: Generate txt template return_slip at /var/www/html/modules//ps_emailalerts/mails/es/return_slip.txt [] []
[2020-12-01 15:44:13] app.INFO: Generate html template referralprogram-congratulations at /var/www/html/modules//referralprogram/mails/es/referralprogram-congratulations.html [] []
[2020-12-01 15:44:13] app.INFO: Generate txt template referralprogram-congratulations at /var/www/html/modules//referralprogram/mails/es/referralprogram-congratulations.txt [] []
[2020-12-01 15:44:13] app.INFO: Generate html template referralprogram-invitation at /var/www/html/modules//referralprogram/mails/es/referralprogram-invitation.html [] []
[2020-12-01 15:44:13] app.INFO: Generate txt template referralprogram-invitation at /var/www/html/modules//referralprogram/mails/es/referralprogram-invitation.txt [] []
[2020-12-01 15:44:13] app.INFO: Generate html template referralprogram-voucher at /var/www/html/modules//referralprogram/mails/es/referralprogram-voucher.html [] []
[2020-12-01 15:44:13] app.INFO: Generate txt template referralprogram-voucher at /var/www/html/modules//referralprogram/mails/es/referralprogram-voucher.txt [] []
[2020-12-01 15:44:13] app.INFO: Generate html template followup_1 at /var/www/html/modules//followup/mails/es/followup_1.html [] []
[2020-12-01 15:44:13] app.INFO: Generate txt template followup_1 at /var/www/html/modules//followup/mails/es/followup_1.txt [] []
[2020-12-01 15:44:13] app.INFO: Generate html template followup_2 at /var/www/html/modules//followup/mails/es/followup_2.html [] []
[2020-12-01 15:44:13] app.INFO: Generate txt template followup_2 at /var/www/html/modules//followup/mails/es/followup_2.txt [] []
[2020-12-01 15:44:13] app.INFO: Generate html template followup_3 at /var/www/html/modules//followup/mails/es/followup_3.html [] []
[2020-12-01 15:44:13] app.INFO: Generate txt template followup_3 at /var/www/html/modules//followup/mails/es/followup_3.txt [] []
[2020-12-01 15:44:13] app.INFO: Generate html template followup_4 at /var/www/html/modules//followup/mails/es/followup_4.html [] []
[2020-12-01 15:44:13] app.INFO: Generate txt template followup_4 at /var/www/html/modules//followup/mails/es/followup_4.txt [] []
[2020-12-01 15:44:28] app.INFO: Protect vendor folder in module contactform [] []
[2020-12-01 15:44:28] app.INFO: Module contactform has no vendor folder [] []
[2020-12-01 15:44:28] app.INFO: Protect vendor folder in module dashactivity [] []
[2020-12-01 15:44:28] app.INFO: Module dashactivity has no vendor folder [] []
[2020-12-01 15:44:28] app.INFO: Protect vendor folder in module dashtrends [] []
[2020-12-01 15:44:28] app.INFO: Module dashtrends has no vendor folder [] []
[2020-12-01 15:44:28] app.INFO: Protect vendor folder in module dashgoals [] []
[2020-12-01 15:44:28] app.INFO: Module dashgoals has no vendor folder [] []
[2020-12-01 15:44:28] app.INFO: Protect vendor folder in module dashproducts [] []
[2020-12-01 15:44:28] app.INFO: Module dashproducts has no vendor folder [] []
[2020-12-01 15:44:29] app.INFO: Protect vendor folder in module graphnvd3 [] []
[2020-12-01 15:44:29] app.INFO: Module graphnvd3 has no vendor folder [] []
[2020-12-01 15:44:29] app.INFO: Protect vendor folder in module gridhtml [] []
[2020-12-01 15:44:29] app.INFO: Module gridhtml has no vendor folder [] []
[2020-12-01 15:44:29] app.INFO: Protect vendor folder in module gsitemap [] []
[2020-12-01 15:44:29] app.INFO: Module gsitemap has no vendor folder [] []
[2020-12-01 15:44:29] app.INFO: Protect vendor folder in module ps_banner [] []
[2020-12-01 15:44:29] app.INFO: Module ps_banner has no vendor folder [] []
[2020-12-01 15:44:29] app.INFO: Protect vendor folder in module ps_categorytree [] []
[2020-12-01 15:44:29] app.INFO: Module ps_categorytree has no vendor folder [] []
[2020-12-01 15:44:29] app.INFO: Protect vendor folder in module ps_checkpayment [] []
[2020-12-01 15:44:29] app.INFO: Module ps_checkpayment has no vendor folder [] []
[2020-12-01 15:44:29] app.INFO: Protect vendor folder in module ps_contactinfo [] []
[2020-12-01 15:44:29] app.INFO: Module ps_contactinfo has no vendor folder [] []
[2020-12-01 15:44:29] app.INFO: Protect vendor folder in module ps_currencyselector [] []
[2020-12-01 15:44:29] app.INFO: Module ps_currencyselector has no vendor folder [] []
[2020-12-01 15:44:29] app.INFO: Protect vendor folder in module ps_customeraccountlinks [] []
[2020-12-01 15:44:29] app.INFO: Module ps_customeraccountlinks has no vendor folder [] []
[2020-12-01 15:44:29] app.INFO: Protect vendor folder in module ps_customersignin [] []
[2020-12-01 15:44:29] app.INFO: Module ps_customersignin has no vendor folder [] []
[2020-12-01 15:44:30] app.INFO: Protect vendor folder in module ps_customtext [] []
[2020-12-01 15:44:30] app.INFO: Module ps_customtext has no vendor folder [] []
[2020-12-01 15:44:30] app.INFO: Protect vendor folder in module ps_emailsubscription [] []
[2020-12-01 15:44:30] app.INFO: Module ps_emailsubscription has no vendor folder [] []
[2020-12-01 15:44:30] app.INFO: Protect vendor folder in module ps_facetedsearch [] []
[2020-12-01 15:44:30] app.INFO: Module ps_facetedsearch has no vendor folder [] []
[2020-12-01 15:44:31] app.INFO: Protect vendor folder in module ps_faviconnotificationbo [] []
[2020-12-01 15:44:31] app.INFO: Module ps_faviconnotificationbo has no vendor folder [] []
[2020-12-01 15:44:31] app.INFO: Protect vendor folder in module ps_featuredproducts [] []
[2020-12-01 15:44:31] app.INFO: Module ps_featuredproducts has no vendor folder [] []
[2020-12-01 15:44:31] app.INFO: Protect vendor folder in module ps_imageslider [] []
[2020-12-01 15:44:31] app.INFO: Module ps_imageslider has no vendor folder [] []
[2020-12-01 15:44:31] app.INFO: Protect vendor folder in module ps_languageselector [] []
[2020-12-01 15:44:31] app.INFO: Module ps_languageselector has no vendor folder [] []
[2020-12-01 15:44:31] app.INFO: Protect vendor folder in module ps_linklist [] []
[2020-12-01 15:44:31] app.INFO: Module ps_linklist has no vendor folder [] []
[2020-12-01 15:44:31] app.ERROR: Class "AdminLinkWidgetController" not found in controllers/admin [] []
[2020-12-01 15:44:32] app.INFO: Protect vendor folder in module ps_mainmenu [] []
[2020-12-01 15:44:32] app.INFO: Module ps_mainmenu has no vendor folder [] []
[2020-12-01 15:44:32] app.INFO: Protect vendor folder in module ps_searchbar [] []
[2020-12-01 15:44:32] app.INFO: Module ps_searchbar has no vendor folder [] []
[2020-12-01 15:44:32] app.INFO: Protect vendor folder in module ps_sharebuttons [] []
[2020-12-01 15:44:32] app.INFO: Module ps_sharebuttons has no vendor folder [] []
[2020-12-01 15:44:32] app.INFO: Protect vendor folder in module ps_shoppingcart [] []
[2020-12-01 15:44:32] app.INFO: Module ps_shoppingcart has no vendor folder [] []
[2020-12-01 15:44:32] app.INFO: Protect vendor folder in module ps_socialfollow [] []
[2020-12-01 15:44:32] app.INFO: Module ps_socialfollow has no vendor folder [] []
[2020-12-01 15:44:32] app.INFO: Protect vendor folder in module ps_themecusto [] []
[2020-12-01 15:44:32] app.INFO: Module ps_themecusto has no vendor folder [] []
[2020-12-01 15:44:32] app.INFO: Protect vendor folder in module ps_wirepayment [] []
[2020-12-01 15:44:32] app.INFO: Module ps_wirepayment has no vendor folder [] []
[2020-12-01 15:44:32] app.INFO: Protect vendor folder in module pagesnotfound [] []
[2020-12-01 15:44:32] app.INFO: Module pagesnotfound has no vendor folder [] []
[2020-12-01 15:44:33] app.INFO: Protect vendor folder in module sekeywords [] []
[2020-12-01 15:44:33] app.INFO: Module sekeywords has no vendor folder [] []
[2020-12-01 15:44:33] app.INFO: Protect vendor folder in module statsbestcategories [] []
[2020-12-01 15:44:33] app.INFO: Module statsbestcategories has no vendor folder [] []
[2020-12-01 15:44:33] app.INFO: Protect vendor folder in module statsbestcustomers [] []
[2020-12-01 15:44:33] app.INFO: Module statsbestcustomers has no vendor folder [] []
[2020-12-01 15:44:33] app.INFO: Protect vendor folder in module statsbestproducts [] []
[2020-12-01 15:44:33] app.INFO: Module statsbestproducts has no vendor folder [] []
[2020-12-01 15:44:33] app.INFO: Protect vendor folder in module statsbestsuppliers [] []
[2020-12-01 15:44:33] app.INFO: Module statsbestsuppliers has no vendor folder [] []
[2020-12-01 15:44:33] app.INFO: Protect vendor folder in module statsbestvouchers [] []
[2020-12-01 15:44:33] app.INFO: Module statsbestvouchers has no vendor folder [] []
[2020-12-01 15:44:33] app.INFO: Protect vendor folder in module statscarrier [] []
[2020-12-01 15:44:33] app.INFO: Module statscarrier has no vendor folder [] []
[2020-12-01 15:44:33] app.INFO: Protect vendor folder in module statscatalog [] []
[2020-12-01 15:44:33] app.INFO: Module statscatalog has no vendor folder [] []
[2020-12-01 15:44:33] app.INFO: Protect vendor folder in module statscheckup [] []
[2020-12-01 15:44:33] app.INFO: Module statscheckup has no vendor folder [] []
[2020-12-01 15:44:33] app.INFO: Protect vendor folder in module statsdata [] []
[2020-12-01 15:44:33] app.INFO: Module statsdata has no vendor folder [] []
[2020-12-01 15:44:33] app.INFO: Protect vendor folder in module statsequipment [] []
[2020-12-01 15:44:33] app.INFO: Module statsequipment has no vendor folder [] []
[2020-12-01 15:44:33] app.INFO: Protect vendor folder in module statsforecast [] []
[2020-12-01 15:44:33] app.INFO: Module statsforecast has no vendor folder [] []
[2020-12-01 15:44:33] app.INFO: Protect vendor folder in module statslive [] []
[2020-12-01 15:44:33] app.INFO: Module statslive has no vendor folder [] []
[2020-12-01 15:44:34] app.INFO: Protect vendor folder in module statsnewsletter [] []
[2020-12-01 15:44:34] app.INFO: Module statsnewsletter has no vendor folder [] []
[2020-12-01 15:44:34] app.INFO: Protect vendor folder in module statsorigin [] []
[2020-12-01 15:44:34] app.INFO: Module statsorigin has no vendor folder [] []
[2020-12-01 15:44:34] app.INFO: Protect vendor folder in module statspersonalinfos [] []
[2020-12-01 15:44:34] app.INFO: Module statspersonalinfos has no vendor folder [] []
[2020-12-01 15:44:34] app.INFO: Protect vendor folder in module statsproduct [] []
[2020-12-01 15:44:34] app.INFO: Module statsproduct has no vendor folder [] []
[2020-12-01 15:44:34] app.INFO: Protect vendor folder in module statsregistrations [] []
[2020-12-01 15:44:34] app.INFO: Module statsregistrations has no vendor folder [] []
[2020-12-01 15:44:34] app.INFO: Protect vendor folder in module statssales [] []
[2020-12-01 15:44:34] app.INFO: Module statssales has no vendor folder [] []
[2020-12-01 15:44:34] app.INFO: Protect vendor folder in module statssearch [] []
[2020-12-01 15:44:34] app.INFO: Module statssearch has no vendor folder [] []
[2020-12-01 15:44:34] app.INFO: Protect vendor folder in module statsstock [] []
[2020-12-01 15:44:34] app.INFO: Module statsstock has no vendor folder [] []
[2020-12-01 15:44:34] app.INFO: Protect vendor folder in module statsvisits [] []
[2020-12-01 15:44:34] app.INFO: Module statsvisits has no vendor folder [] []
[2020-12-01 15:44:34] app.INFO: Protect vendor folder in module welcome [] []
[2020-12-01 15:44:35] app.INFO: Exporting mail with theme modern for language English (English) [] []
[2020-12-01 15:44:35] app.INFO: Core output folder: /var/www/html/mails [] []
[2020-12-01 15:44:35] app.INFO: Modules output folder: /var/www/html/modules/ [] []
[2020-12-01 15:44:36] app.INFO: Exporting mail with theme modern for language Español AR (Spanish) [] []
[2020-12-01 15:44:36] app.INFO: Core output folder: /var/www/html/mails [] []
[2020-12-01 15:44:36] app.INFO: Modules output folder: /var/www/html/modules/ [] []
[2020-12-01 15:44:38] app.INFO: Exporting mail with theme modern for language Español (Spanish) [] []
[2020-12-01 15:44:38] app.INFO: Core output folder: /var/www/html/mails [] []
[2020-12-01 15:44:38] app.INFO: Modules output folder: /var/www/html/modules/ [] []
[2020-12-01 15:45:11] app.INFO: Protect vendor folder in module gamification [] []
[2020-12-01 15:45:11] app.INFO: Protect vendor folder in module emarketing [] []
[2020-12-01 15:45:11] app.INFO: Protect vendor folder in module psaddonsconnect [] []
[2020-12-01 15:45:12] app.INFO: Protect vendor folder in module psgdpr [] []
[2020-12-01 15:45:12] app.INFO: Protect vendor folder in module ps_mbo [] []
[2020-12-01 15:45:12] app.INFO: Protect vendor folder in module ps_buybuttonlite [] []
[2020-12-01 15:45:13] app.INFO: Exporting mail with theme modern for language English (English) [] []
[2020-12-01 15:45:13] app.INFO: Core output folder: /var/www/html/mails [] []
[2020-12-01 15:45:13] app.INFO: Modules output folder: /var/www/html/modules/ [] []
[2020-12-01 15:45:14] app.INFO: Exporting mail with theme modern for language Español AR (Spanish) [] []
[2020-12-01 15:45:14] app.INFO: Core output folder: /var/www/html/mails [] []
[2020-12-01 15:45:14] app.INFO: Modules output folder: /var/www/html/modules/ [] []
[2020-12-01 15:45:15] app.INFO: Exporting mail with theme modern for language Español (Spanish) [] []
[2020-12-01 15:45:15] app.INFO: Core output folder: /var/www/html/mails [] []
[2020-12-01 15:45:15] app.INFO: Modules output folder: /var/www/html/modules/ [] []
[2020-12-01 15:45:15] app.INFO: Protect vendor folder in module blockreassurance [] []
[2020-12-01 15:45:15] app.INFO: Module blockreassurance has no vendor folder [] []
[2020-12-01 15:45:33] app.INFO: Protect vendor folder in module ps_facetedsearch [] []
[2020-12-01 15:45:33] app.INFO: Module ps_facetedsearch has no vendor folder [] []
